<?xml version="1.0" encoding="UTF-8"?>
<beans xmlns="http://www.springframework.org/schema/beans"
       xmlns:xsi="http://www.w3.org/2001/XMLSchema-instance"
       xmlns:tx="http://www.springframework.org/schema/tx"
       xsi:schemaLocation="http://www.springframework.org/schema/beans
                           http://www.springframework.org/schema/beans/spring-beans.xsd
                           http://www.springframework.org/schema/tx
                           http://www.springframework.org/schema/tx/spring-tx.xsd">
    <tx:annotation-driven />

    <bean id="embeddedPostgreSQLDatasourceFactory" class="com.korogi.core.datasource.EmbeddedPostgreSQLDatasourceFactory" destroy-method="onDestroy" />

    <bean id="dataSource" class="javax.sql.DataSource" factory-bean="embeddedPostgreSQLDatasourceFactory" factory-method="getDatasource" />

    <bean id="dbUnitDatabaseConnection" class="com.github.springtestdbunit.bean.DatabaseDataSourceConnectionFactoryBean">
        <property name="dataSource" ref="dataSource" />
    </bean>

    <bean id="hibernateStatisticsInterceptor" class="com.korogi.core.interceptor.HibernateStatisticsInterceptor" />

    <bean id="entityManagerFactory" class="org.springframework.orm.jpa.LocalContainerEntityManagerFactoryBean" depends-on="flyway">
        <property name="dataSource" ref="dataSource" />
        <property name="packagesToScan">
            <list>
                <value>com.korogi.core.domain</value>
            </list>
        </property>
        <property name="jpaVendorAdapter">
            <bean class="org.springframework.orm.jpa.vendor.HibernateJpaVendorAdapter">
                <property name="showSql" value="true" />
                <property name="databasePlatform" value="org.hibernate.dialect.PostgreSQL9Dialect" />
            </bean>
        </property>
        <property name="jpaProperties">
            <map>
                <entry key="hibernate.format_sql" value="true" />
                <entry key="hibernate.ejb.interceptor" value-ref="hibernateStatisticsInterceptor" />
            </map>
        </property>
    </bean>
</beans>