<?xml version="1.0" encoding="UTF-8"?>
<beans xmlns="http://www.springframework.org/schema/beans"
       xmlns:xsi="http://www.w3.org/2001/XMLSchema-instance"
       xmlns:context="http://www.springframework.org/schema/context"
       xmlns:jdbc="http://www.springframework.org/schema/jdbc"
       xmlns:tx="http://www.springframework.org/schema/tx"
       xsi:schemaLocation="http://www.springframework.org/schema/beans
                           http://www.springframework.org/schema/beans/spring-beans.xsd
                           http://www.springframework.org/schema/context
                           http://www.springframework.org/schema/context/spring-context.xsd
                           http://www.springframework.org/schema/jdbc
                           http://www.springframework.org/schema/jdbc/spring-jdbc.xsd
                           http://www.springframework.org/schema/tx
                           http://www.springframework.org/schema/tx/spring-tx.xsd">

    <tx:annotation-driven />
    <context:component-scan base-package="com.korogi.core.persistence" />
    <context:component-scan base-package="com.korogi.core.datasource" />

    <bean id="dataSource" class="javax.sql.DataSource" factory-bean="embeddedPostgreSQLDatasourceFactory" factory-method="getDatasource" />

    <bean id="dbUnitDatabaseConnection" class="com.github.springtestdbunit.bean.DatabaseDataSourceConnectionFactoryBean">
        <property name="dataSource" ref="dataSource" />
    </bean>

    <jdbc:initialize-database>
        <jdbc:script location="classpath:database/*.sql" />
    </jdbc:initialize-database>

    <bean id="hibernateStatisticsInterceptor" class="com.korogi.core.interceptor.HibernateStatisticsInterceptor" />

    <bean id="entityManagerFactory" class="org.springframework.orm.jpa.LocalContainerEntityManagerFactoryBean">
        <property name="dataSource" ref="dataSource" />
        <property name="packagesToScan">
            <list>
                <value>com.korogi.core.domain</value>
            </list>
        </property>
        <property name="jpaVendorAdapter">
            <bean class="org.springframework.orm.jpa.vendor.HibernateJpaVendorAdapter">
                <property name="showSql" value="true" />
                <property name="databasePlatform" value="org.hibernate.dialect.PostgreSQL9Dialect" />
            </bean>
        </property>
        <property name="jpaProperties">
            <map>
                <entry key="hibernate.format_sql" value="true" />
                <entry key="hibernate.ejb.interceptor" value-ref="hibernateStatisticsInterceptor" />
            </map>
        </property>
    </bean>

    <bean id="transactionManager" class="org.springframework.orm.jpa.JpaTransactionManager">
        <constructor-arg ref="entityManagerFactory" />
    </bean>

    <bean id="transactionTemplate" class="org.springframework.transaction.support.TransactionTemplate">
        <constructor-arg ref="transactionManager" />
    </bean>
</beans>